<<<<<<< Updated upstream
c:\users\alienware\onedrive\desktop\newcastle\game team project\paintball\csc8508_project\nclcoreclasses\nclcoreclasses.dir\debug\cmake_pch.pch
c:\users\alienware\onedrive\desktop\newcastle\game team project\paintball\csc8508_project\nclcoreclasses\debug\nclcoreclasses.pdb
c:\users\alienware\onedrive\desktop\newcastle\game team project\paintball\csc8508_project\nclcoreclasses\nclcoreclasses.dir\debug\cmake_pch.obj
c:\users\alienware\onedrive\desktop\newcastle\game team project\paintball\csc8508_project\nclcoreclasses\nclcoreclasses.dir\debug\window.obj
c:\users\alienware\onedrive\desktop\newcastle\game team project\paintball\csc8508_project\nclcoreclasses\nclcoreclasses.dir\debug\mouse.obj
c:\users\alienware\onedrive\desktop\newcastle\game team project\paintball\csc8508_project\nclcoreclasses\nclcoreclasses.dir\debug\keyboard.obj
c:\users\alienware\onedrive\desktop\newcastle\game team project\paintball\csc8508_project\nclcoreclasses\nclcoreclasses.dir\debug\gametimer.obj
c:\users\alienware\onedrive\desktop\newcastle\game team project\paintball\csc8508_project\nclcoreclasses\nclcoreclasses.dir\debug\camera.obj
c:\users\alienware\onedrive\desktop\newcastle\game team project\paintball\csc8508_project\nclcoreclasses\nclcoreclasses.dir\debug\texture.obj
c:\users\alienware\onedrive\desktop\newcastle\game team project\paintball\csc8508_project\nclcoreclasses\nclcoreclasses.dir\debug\shader.obj
c:\users\alienware\onedrive\desktop\newcastle\game team project\paintball\csc8508_project\nclcoreclasses\nclcoreclasses.dir\debug\rendererbase.obj
c:\users\alienware\onedrive\desktop\newcastle\game team project\paintball\csc8508_project\nclcoreclasses\nclcoreclasses.dir\debug\meshmaterial.obj
c:\users\alienware\onedrive\desktop\newcastle\game team project\paintball\csc8508_project\nclcoreclasses\nclcoreclasses.dir\debug\mshloader.obj
c:\users\alienware\onedrive\desktop\newcastle\game team project\paintball\csc8508_project\nclcoreclasses\nclcoreclasses.dir\debug\mesh.obj
c:\users\alienware\onedrive\desktop\newcastle\game team project\paintball\csc8508_project\nclcoreclasses\nclcoreclasses.dir\debug\meshanimation.obj
c:\users\alienware\onedrive\desktop\newcastle\game team project\paintball\csc8508_project\nclcoreclasses\nclcoreclasses.dir\debug\quaternion.obj
c:\users\alienware\onedrive\desktop\newcastle\game team project\paintball\csc8508_project\nclcoreclasses\nclcoreclasses.dir\debug\frustum.obj
c:\users\alienware\onedrive\desktop\newcastle\game team project\paintball\csc8508_project\nclcoreclasses\nclcoreclasses.dir\debug\plane.obj
c:\users\alienware\onedrive\desktop\newcastle\game team project\paintball\csc8508_project\nclcoreclasses\nclcoreclasses.dir\debug\maths.obj
c:\users\alienware\onedrive\desktop\newcastle\game team project\paintball\csc8508_project\nclcoreclasses\nclcoreclasses.dir\debug\simplefont.obj
c:\users\alienware\onedrive\desktop\newcastle\game team project\paintball\csc8508_project\nclcoreclasses\nclcoreclasses.dir\debug\texturewriter.obj
c:\users\alienware\onedrive\desktop\newcastle\game team project\paintball\csc8508_project\nclcoreclasses\nclcoreclasses.dir\debug\textureloader.obj
c:\users\alienware\onedrive\desktop\newcastle\game team project\paintball\csc8508_project\nclcoreclasses\nclcoreclasses.dir\debug\assets.obj
c:\users\alienware\onedrive\desktop\newcastle\game team project\paintball\csc8508_project\nclcoreclasses\nclcoreclasses.dir\debug\win32window.obj
c:\users\alienware\onedrive\desktop\newcastle\game team project\paintball\csc8508_project\nclcoreclasses\nclcoreclasses.dir\debug\win32mouse.obj
c:\users\alienware\onedrive\desktop\newcastle\game team project\paintball\csc8508_project\nclcoreclasses\nclcoreclasses.dir\debug\win32keyboard.obj
c:\users\alienware\onedrive\desktop\newcastle\game team project\paintball\csc8508_project\nclcoreclasses\nclcoreclasses.dir\debug\keyboardmousecontroller.obj
c:\users\alienware\onedrive\desktop\newcastle\game team project\paintball\csc8508_project\nclcoreclasses\nclcoreclasses.dir\debug\controller.obj
c:\users\alienware\onedrive\desktop\newcastle\game team project\paintball\csc8508_project\nclcoreclasses\cmakefiles\generate.stamp
c:\users\alienware\onedrive\desktop\newcastle\game team project\paintball\csc8508_project\nclcoreclasses\debug\nclcoreclasses.lib
c:\users\alienware\onedrive\desktop\newcastle\game team project\paintball\csc8508_project\nclcoreclasses\nclcoreclasses.dir\debug\nclcoreclasses.tlog\cl.command.1.tlog
c:\users\alienware\onedrive\desktop\newcastle\game team project\paintball\csc8508_project\nclcoreclasses\nclcoreclasses.dir\debug\nclcoreclasses.tlog\cl.items.tlog
c:\users\alienware\onedrive\desktop\newcastle\game team project\paintball\csc8508_project\nclcoreclasses\nclcoreclasses.dir\debug\nclcoreclasses.tlog\cl.read.1.tlog
c:\users\alienware\onedrive\desktop\newcastle\game team project\paintball\csc8508_project\nclcoreclasses\nclcoreclasses.dir\debug\nclcoreclasses.tlog\cl.write.1.tlog
c:\users\alienware\onedrive\desktop\newcastle\game team project\paintball\csc8508_project\nclcoreclasses\nclcoreclasses.dir\debug\nclcoreclasses.tlog\custombuild.command.1.tlog
c:\users\alienware\onedrive\desktop\newcastle\game team project\paintball\csc8508_project\nclcoreclasses\nclcoreclasses.dir\debug\nclcoreclasses.tlog\custombuild.read.1.tlog
c:\users\alienware\onedrive\desktop\newcastle\game team project\paintball\csc8508_project\nclcoreclasses\nclcoreclasses.dir\debug\nclcoreclasses.tlog\custombuild.write.1.tlog
c:\users\alienware\onedrive\desktop\newcastle\game team project\paintball\csc8508_project\nclcoreclasses\nclcoreclasses.dir\debug\nclcoreclasses.tlog\lib-link.read.1.tlog
c:\users\alienware\onedrive\desktop\newcastle\game team project\paintball\csc8508_project\nclcoreclasses\nclcoreclasses.dir\debug\nclcoreclasses.tlog\lib-link.write.1.tlog
c:\users\alienware\onedrive\desktop\newcastle\game team project\paintball\csc8508_project\nclcoreclasses\nclcoreclasses.dir\debug\nclcoreclasses.tlog\lib.command.1.tlog
=======
d:\team project csc\main repo\csc8508_project\nclcoreclasses\nclcoreclasses.dir\debug\cmake_pch.pch
d:\team project csc\main repo\csc8508_project\nclcoreclasses\debug\nclcoreclasses.pdb
d:\team project csc\main repo\csc8508_project\nclcoreclasses\nclcoreclasses.dir\debug\cmake_pch.obj
d:\team project csc\main repo\csc8508_project\nclcoreclasses\nclcoreclasses.dir\debug\window.obj
d:\team project csc\main repo\csc8508_project\nclcoreclasses\nclcoreclasses.dir\debug\mouse.obj
d:\team project csc\main repo\csc8508_project\nclcoreclasses\nclcoreclasses.dir\debug\keyboard.obj
d:\team project csc\main repo\csc8508_project\nclcoreclasses\nclcoreclasses.dir\debug\gametimer.obj
d:\team project csc\main repo\csc8508_project\nclcoreclasses\nclcoreclasses.dir\debug\camera.obj
d:\team project csc\main repo\csc8508_project\nclcoreclasses\nclcoreclasses.dir\debug\texture.obj
d:\team project csc\main repo\csc8508_project\nclcoreclasses\nclcoreclasses.dir\debug\shader.obj
d:\team project csc\main repo\csc8508_project\nclcoreclasses\nclcoreclasses.dir\debug\rendererbase.obj
d:\team project csc\main repo\csc8508_project\nclcoreclasses\nclcoreclasses.dir\debug\meshmaterial.obj
d:\team project csc\main repo\csc8508_project\nclcoreclasses\nclcoreclasses.dir\debug\mshloader.obj
d:\team project csc\main repo\csc8508_project\nclcoreclasses\nclcoreclasses.dir\debug\mesh.obj
d:\team project csc\main repo\csc8508_project\nclcoreclasses\nclcoreclasses.dir\debug\meshanimation.obj
d:\team project csc\main repo\csc8508_project\nclcoreclasses\nclcoreclasses.dir\debug\quaternion.obj
d:\team project csc\main repo\csc8508_project\nclcoreclasses\nclcoreclasses.dir\debug\frustum.obj
d:\team project csc\main repo\csc8508_project\nclcoreclasses\nclcoreclasses.dir\debug\plane.obj
d:\team project csc\main repo\csc8508_project\nclcoreclasses\nclcoreclasses.dir\debug\maths.obj
d:\team project csc\main repo\csc8508_project\nclcoreclasses\nclcoreclasses.dir\debug\simplefont.obj
d:\team project csc\main repo\csc8508_project\nclcoreclasses\nclcoreclasses.dir\debug\texturewriter.obj
d:\team project csc\main repo\csc8508_project\nclcoreclasses\nclcoreclasses.dir\debug\textureloader.obj
d:\team project csc\main repo\csc8508_project\nclcoreclasses\nclcoreclasses.dir\debug\assets.obj
d:\team project csc\main repo\csc8508_project\nclcoreclasses\nclcoreclasses.dir\debug\win32window.obj
d:\team project csc\main repo\csc8508_project\nclcoreclasses\nclcoreclasses.dir\debug\win32mouse.obj
d:\team project csc\main repo\csc8508_project\nclcoreclasses\nclcoreclasses.dir\debug\win32keyboard.obj
d:\team project csc\main repo\csc8508_project\nclcoreclasses\nclcoreclasses.dir\debug\keyboardmousecontroller.obj
d:\team project csc\main repo\csc8508_project\nclcoreclasses\nclcoreclasses.dir\debug\controller.obj
d:\team project csc\main repo\csc8508_project\nclcoreclasses\cmakefiles\generate.stamp
d:\team project csc\main repo\csc8508_project\nclcoreclasses\debug\nclcoreclasses.lib
d:\team project csc\main repo\csc8508_project\nclcoreclasses\nclcoreclasses.dir\debug\nclcoreclasses.tlog\cl.command.1.tlog
d:\team project csc\main repo\csc8508_project\nclcoreclasses\nclcoreclasses.dir\debug\nclcoreclasses.tlog\cl.items.tlog
d:\team project csc\main repo\csc8508_project\nclcoreclasses\nclcoreclasses.dir\debug\nclcoreclasses.tlog\cl.read.1.tlog
d:\team project csc\main repo\csc8508_project\nclcoreclasses\nclcoreclasses.dir\debug\nclcoreclasses.tlog\cl.write.1.tlog
d:\team project csc\main repo\csc8508_project\nclcoreclasses\nclcoreclasses.dir\debug\nclcoreclasses.tlog\custombuild.command.1.tlog
d:\team project csc\main repo\csc8508_project\nclcoreclasses\nclcoreclasses.dir\debug\nclcoreclasses.tlog\custombuild.read.1.tlog
d:\team project csc\main repo\csc8508_project\nclcoreclasses\nclcoreclasses.dir\debug\nclcoreclasses.tlog\custombuild.write.1.tlog
d:\team project csc\main repo\csc8508_project\nclcoreclasses\nclcoreclasses.dir\debug\nclcoreclasses.tlog\lib-link.read.1.tlog
d:\team project csc\main repo\csc8508_project\nclcoreclasses\nclcoreclasses.dir\debug\nclcoreclasses.tlog\lib-link.write.1.tlog
d:\team project csc\main repo\csc8508_project\nclcoreclasses\nclcoreclasses.dir\debug\nclcoreclasses.tlog\lib.command.1.tlog
>>>>>>> Stashed changes
