<<<<<<< HEAD
﻿  Building Custom Rule C:/Users/ALIENWARE/OneDrive/Desktop/Newcastle/Game team project/CSC8508_project/NCLCoreClasses/CMakeLists.txt
=======
﻿  Building Custom Rule D:/Team Project CSC/Main repo/CSC8508_project/NCLCoreClasses/CMakeLists.txt
>>>>>>> george
  cmake_pch.cxx
  Assets.cpp
  SimpleFont.cpp
  TextureLoader.cpp
  TextureWriter.cpp
  Maths.cpp
  Plane.cpp
  Frustum.cpp
  Quaternion.cpp
  MeshAnimation.cpp
  Mesh.cpp
  MshLoader.cpp
  MeshMaterial.cpp
  RendererBase.cpp
  Shader.cpp
  Texture.cpp
  Camera.cpp
  GameTimer.cpp
  Keyboard.cpp
  Mouse.cpp
  Window.cpp
  Generating Code...
  Compiling...
  Controller.cpp
  KeyboardMouseController.cpp
  Win32Keyboard.cpp
  Win32Mouse.cpp
  Win32Window.cpp
  Generating Code...
<<<<<<< HEAD
  NCLCoreClasses.vcxproj -> C:\Users\ALIENWARE\OneDrive\Desktop\Newcastle\Game team project\CSC8508_project\NCLCoreClasses\Debug\NCLCoreClasses.lib
=======
  NCLCoreClasses.vcxproj -> D:\Team Project CSC\Main repo\CSC8508_project\NCLCoreClasses\Debug\NCLCoreClasses.lib
>>>>>>> george
