c:\users\alienware\onedrive\desktop\newcastle\game team project\paintball\csc8508_project\csc8503coreclasses\csc8503coreclasses.dir\debug\behaviouraction.obj
c:\users\alienware\onedrive\desktop\newcastle\game team project\paintball\csc8508_project\csc8503coreclasses\csc8503coreclasses.dir\debug\behaviournode.obj
c:\users\alienware\onedrive\desktop\newcastle\game team project\paintball\csc8508_project\csc8503coreclasses\csc8503coreclasses.dir\debug\behaviournodewithchildren.obj
c:\users\alienware\onedrive\desktop\newcastle\game team project\paintball\csc8508_project\csc8503coreclasses\csc8503coreclasses.dir\debug\behaviourselector.cpp.obj
c:\users\alienware\onedrive\desktop\newcastle\game team project\paintball\csc8508_project\csc8503coreclasses\csc8503coreclasses.dir\debug\behaviourselector.h.obj
c:\users\alienware\onedrive\desktop\newcastle\game team project\paintball\csc8508_project\csc8503coreclasses\csc8503coreclasses.dir\debug\behavioursequence.cpp.obj
c:\users\alienware\onedrive\desktop\newcastle\game team project\paintball\csc8508_project\csc8503coreclasses\csc8503coreclasses.dir\debug\behavioursequence.h.obj
c:\users\alienware\onedrive\desktop\newcastle\game team project\paintball\csc8508_project\csc8503coreclasses\csc8503coreclasses.dir\debug\callbacks.obj
c:\users\alienware\onedrive\desktop\newcastle\game team project\paintball\csc8508_project\csc8503coreclasses\csc8503coreclasses.dir\debug\cmake_pch.obj
c:\users\alienware\onedrive\desktop\newcastle\game team project\paintball\csc8508_project\csc8503coreclasses\csc8503coreclasses.dir\debug\compress.obj
c:\users\alienware\onedrive\desktop\newcastle\game team project\paintball\csc8508_project\csc8503coreclasses\csc8503coreclasses.dir\debug\constraint.obj
c:\users\alienware\onedrive\desktop\newcastle\game team project\paintball\csc8508_project\csc8503coreclasses\csc8503coreclasses.dir\debug\debug.cpp.obj
c:\users\alienware\onedrive\desktop\newcastle\game team project\paintball\csc8508_project\csc8503coreclasses\csc8503coreclasses.dir\debug\debug.h.obj
c:\users\alienware\onedrive\desktop\newcastle\game team project\paintball\csc8508_project\csc8503coreclasses\csc8503coreclasses.dir\debug\enet.obj
c:\users\alienware\onedrive\desktop\newcastle\game team project\paintball\csc8508_project\csc8503coreclasses\csc8503coreclasses.dir\debug\gameclient.cpp.obj
c:\users\alienware\onedrive\desktop\newcastle\game team project\paintball\csc8508_project\csc8503coreclasses\csc8503coreclasses.dir\debug\gameclient.h.obj
c:\users\alienware\onedrive\desktop\newcastle\game team project\paintball\csc8508_project\csc8503coreclasses\csc8503coreclasses.dir\debug\gameobject.cpp.obj
c:\users\alienware\onedrive\desktop\newcastle\game team project\paintball\csc8508_project\csc8503coreclasses\csc8503coreclasses.dir\debug\gameobject.h.obj
c:\users\alienware\onedrive\desktop\newcastle\game team project\paintball\csc8508_project\csc8503coreclasses\csc8503coreclasses.dir\debug\gameserver.cpp.obj
c:\users\alienware\onedrive\desktop\newcastle\game team project\paintball\csc8508_project\csc8503coreclasses\csc8503coreclasses.dir\debug\gameserver.h.obj
c:\users\alienware\onedrive\desktop\newcastle\game team project\paintball\csc8508_project\csc8503coreclasses\csc8503coreclasses.dir\debug\gameworld.cpp.obj
c:\users\alienware\onedrive\desktop\newcastle\game team project\paintball\csc8508_project\csc8503coreclasses\csc8503coreclasses.dir\debug\gameworld.h.obj
c:\users\alienware\onedrive\desktop\newcastle\game team project\paintball\csc8508_project\csc8503coreclasses\csc8503coreclasses.dir\debug\host.obj
c:\users\alienware\onedrive\desktop\newcastle\game team project\paintball\csc8508_project\csc8503coreclasses\csc8503coreclasses.dir\debug\imconfig.obj
c:\users\alienware\onedrive\desktop\newcastle\game team project\paintball\csc8508_project\csc8503coreclasses\csc8503coreclasses.dir\debug\imgui_demo.obj
c:\users\alienware\onedrive\desktop\newcastle\game team project\paintball\csc8508_project\csc8503coreclasses\csc8503coreclasses.dir\debug\imgui_draw.obj
c:\users\alienware\onedrive\desktop\newcastle\game team project\paintball\csc8508_project\csc8503coreclasses\csc8503coreclasses.dir\debug\imgui_impl_opengl3_loader.obj
c:\users\alienware\onedrive\desktop\newcastle\game team project\paintball\csc8508_project\csc8503coreclasses\csc8503coreclasses.dir\debug\imgui_internal.obj
c:\users\alienware\onedrive\desktop\newcastle\game team project\paintball\csc8508_project\csc8503coreclasses\csc8503coreclasses.dir\debug\imgui_tables.obj
c:\users\alienware\onedrive\desktop\newcastle\game team project\paintball\csc8508_project\csc8503coreclasses\csc8503coreclasses.dir\debug\imgui_widgets.obj
c:\users\alienware\onedrive\desktop\newcastle\game team project\paintball\csc8508_project\csc8503coreclasses\csc8503coreclasses.dir\debug\imstb_rectpack.obj
c:\users\alienware\onedrive\desktop\newcastle\game team project\paintball\csc8508_project\csc8503coreclasses\csc8503coreclasses.dir\debug\imstb_textedit.obj
c:\users\alienware\onedrive\desktop\newcastle\game team project\paintball\csc8508_project\csc8503coreclasses\csc8503coreclasses.dir\debug\imstb_truetype.obj
c:\users\alienware\onedrive\desktop\newcastle\game team project\paintball\csc8508_project\csc8503coreclasses\csc8503coreclasses.dir\debug\navigationgrid.cpp.obj
c:\users\alienware\onedrive\desktop\newcastle\game team project\paintball\csc8508_project\csc8503coreclasses\csc8503coreclasses.dir\debug\navigationgrid.h.obj
c:\users\alienware\onedrive\desktop\newcastle\game team project\paintball\csc8508_project\csc8503coreclasses\csc8503coreclasses.dir\debug\navigationmap.obj
c:\users\alienware\onedrive\desktop\newcastle\game team project\paintball\csc8508_project\csc8503coreclasses\csc8503coreclasses.dir\debug\navigationmesh.cpp.obj
c:\users\alienware\onedrive\desktop\newcastle\game team project\paintball\csc8508_project\csc8503coreclasses\csc8503coreclasses.dir\debug\navigationmesh.h.obj
c:\users\alienware\onedrive\desktop\newcastle\game team project\paintball\csc8508_project\csc8503coreclasses\csc8503coreclasses.dir\debug\navigationpath.obj
c:\users\alienware\onedrive\desktop\newcastle\game team project\paintball\csc8508_project\csc8503coreclasses\csc8503coreclasses.dir\debug\networkbase.cpp.obj
c:\users\alienware\onedrive\desktop\newcastle\game team project\paintball\csc8508_project\csc8503coreclasses\csc8503coreclasses.dir\debug\networkbase.h.obj
c:\users\alienware\onedrive\desktop\newcastle\game team project\paintball\csc8508_project\csc8503coreclasses\csc8503coreclasses.dir\debug\networkobject.cpp.obj
c:\users\alienware\onedrive\desktop\newcastle\game team project\paintball\csc8508_project\csc8503coreclasses\csc8503coreclasses.dir\debug\networkobject.h.obj
c:\users\alienware\onedrive\desktop\newcastle\game team project\paintball\csc8508_project\csc8503coreclasses\csc8503coreclasses.dir\debug\networkstate.cpp.obj
c:\users\alienware\onedrive\desktop\newcastle\game team project\paintball\csc8508_project\csc8503coreclasses\csc8503coreclasses.dir\debug\networkstate.h.obj
c:\users\alienware\onedrive\desktop\newcastle\game team project\paintball\csc8508_project\csc8503coreclasses\csc8503coreclasses.dir\debug\orientationconstraint.cpp.obj
c:\users\alienware\onedrive\desktop\newcastle\game team project\paintball\csc8508_project\csc8503coreclasses\csc8503coreclasses.dir\debug\orientationconstraint.h.obj
c:\users\alienware\onedrive\desktop\newcastle\game team project\paintball\csc8508_project\csc8503coreclasses\csc8503coreclasses.dir\debug\packet.obj
c:\users\alienware\onedrive\desktop\newcastle\game team project\paintball\csc8508_project\csc8503coreclasses\csc8503coreclasses.dir\debug\peer.obj
c:\users\alienware\onedrive\desktop\newcastle\game team project\paintball\csc8508_project\csc8503coreclasses\csc8503coreclasses.dir\debug\physicsobject.cpp.obj
c:\users\alienware\onedrive\desktop\newcastle\game team project\paintball\csc8508_project\csc8503coreclasses\csc8503coreclasses.dir\debug\physicsobject.h.obj
c:\users\alienware\onedrive\desktop\newcastle\game team project\paintball\csc8508_project\csc8503coreclasses\csc8503coreclasses.dir\debug\physicssystem.cpp.obj
c:\users\alienware\onedrive\desktop\newcastle\game team project\paintball\csc8508_project\csc8503coreclasses\csc8503coreclasses.dir\debug\physicssystem.h.obj
c:\users\alienware\onedrive\desktop\newcastle\game team project\paintball\csc8508_project\csc8503coreclasses\csc8503coreclasses.dir\debug\pushdownmachine.cpp.obj
c:\users\alienware\onedrive\desktop\newcastle\game team project\paintball\csc8508_project\csc8503coreclasses\csc8503coreclasses.dir\debug\pushdownmachine.h.obj
c:\users\alienware\onedrive\desktop\newcastle\game team project\paintball\csc8508_project\csc8503coreclasses\csc8503coreclasses.dir\debug\pushdownstate.cpp.obj
c:\users\alienware\onedrive\desktop\newcastle\game team project\paintball\csc8508_project\csc8503coreclasses\csc8503coreclasses.dir\debug\pushdownstate.h.obj
c:\users\alienware\onedrive\desktop\newcastle\game team project\paintball\csc8508_project\csc8503coreclasses\csc8503coreclasses.dir\debug\renderobject.cpp.obj
c:\users\alienware\onedrive\desktop\newcastle\game team project\paintball\csc8508_project\csc8503coreclasses\csc8503coreclasses.dir\debug\renderobject.h.obj
c:\users\alienware\onedrive\desktop\newcastle\game team project\paintball\csc8508_project\csc8503coreclasses\csc8503coreclasses.dir\debug\state.obj
c:\users\alienware\onedrive\desktop\newcastle\game team project\paintball\csc8508_project\csc8503coreclasses\csc8503coreclasses.dir\debug\statemachine.cpp.obj
c:\users\alienware\onedrive\desktop\newcastle\game team project\paintball\csc8508_project\csc8503coreclasses\csc8503coreclasses.dir\debug\statemachine.h.obj
c:\users\alienware\onedrive\desktop\newcastle\game team project\paintball\csc8508_project\csc8503coreclasses\csc8503coreclasses.dir\debug\statetransition.obj
c:\users\alienware\onedrive\desktop\newcastle\game team project\paintball\csc8508_project\csc8503coreclasses\csc8503coreclasses.dir\debug\time.obj
c:\users\alienware\onedrive\desktop\newcastle\game team project\paintball\csc8508_project\csc8503coreclasses\csc8503coreclasses.dir\debug\transform.cpp.obj
c:\users\alienware\onedrive\desktop\newcastle\game team project\paintball\csc8508_project\csc8503coreclasses\csc8503coreclasses.dir\debug\transform.h.obj
c:\users\alienware\onedrive\desktop\newcastle\game team project\paintball\csc8508_project\csc8503coreclasses\csc8503coreclasses.dir\debug\types.obj
c:\users\alienware\onedrive\desktop\newcastle\game team project\paintball\csc8508_project\csc8503coreclasses\csc8503coreclasses.dir\debug\utility.obj
c:\users\alienware\onedrive\desktop\newcastle\game team project\paintball\csc8508_project\x64\debug\csc8503coreclasses.pdb
c:\users\alienware\onedrive\desktop\newcastle\game team project\paintball\csc8508_project\x64\debug\csc8503coreclasses.lib
