C:\Program Files\Microsoft Visual Studio\2022\Community\MSBuild\Microsoft\VC\v170\Microsoft.CppBuild.targets(531,5): warning MSB8028: The intermediate directory (CSC8503CoreClasses.dir\Debug\) contains files shared from another project (CSC8503CoreClasses.vcxproj, CSC8503CoreClasses.vcxproj, CSC8503CoreClasses.vcxproj, CSC8503CoreClasses.vcxproj, CSC8503CoreClasses.vcxproj, CSC8503CoreClasses.vcxproj, CSC8503CoreClasses.vcxproj, CSC8503CoreClasses.vcxproj, CSC8503CoreClasses.vcxproj).  This can lead to incorrect clean and rebuild behavior.
  Building Custom Rule C:/Users/ALIENWARE/OneDrive/Desktop/Newcastle/Game team project/CSC8508_project/CSC8503CoreClasses/CMakeLists.txt
  cmake_pch.cxx
  Debug.h
  GameObject.h
  GameWorld.h
  RenderObject.h
  Transform.h
  Debug.cpp
  GameObject.cpp
  GameWorld.cpp
  RenderObject.cpp
  Transform.cpp
  BehaviourAction.h
  BehaviourNode.h
  BehaviourNodeWithChildren.h
  State.h
  StateTransition.h
  NavigationMap.h
  NavigationPath.h
  AABBVolume.h
  CollisionVolume.h
  OBBVolume.h
  Ray.h
  SphereVolume.h
  Constraint.h
  callbacks.c
  enet.h
  time.h
  types.h
  utility.h
  compress.c
  host.c
  Generating Code...
  Compiling...
  packet.c
  peer.c
  Generating Code...
  BehaviourSelector.h
  BehaviourSelector.cpp
  BehaviourSequence.h
  BehaviourSequence.cpp
  PushdownMachine.h
  PushdownMachine.cpp
  PushdownState.h
  PushdownState.cpp
  StateMachine.h
  StateMachine.cpp
  NavigationGrid.h
  NavigationGrid.cpp
  NavigationMesh.cpp
C:\Users\ALIENWARE\OneDrive\Desktop\Newcastle\Game team project\CSC8508_project\CSC8503CoreClasses\NavigationMesh.cpp(84,27): error C2065: 'Ge': undeclared identifier
  (compiling source file 'NavigationMesh.cpp')
  
C:\Users\ALIENWARE\OneDrive\Desktop\Newcastle\Game team project\CSC8508_project\CSC8503CoreClasses\NavigationMesh.cpp(84,30): error C2146: syntax error: missing ';' before identifier 'tTriForPosition'
  (compiling source file 'NavigationMesh.cpp')
  
C:\Users\ALIENWARE\OneDrive\Desktop\Newcastle\Game team project\CSC8508_project\CSC8503CoreClasses\NavigationMesh.cpp(84,30): error C3861: 'tTriForPosition': identifier not found
  (compiling source file 'NavigationMesh.cpp')
  
