e:\groupproject\csc8508_project\csc8503\csc8503.dir\debug\cmake_pch.pch
e:\groupproject\csc8508_project\csc8503\csc8503.dir\debug\vc143.pdb
e:\groupproject\csc8508_project\csc8503\csc8503.dir\debug\cmake_pch.obj
e:\groupproject\csc8508_project\csc8503\csc8503.dir\debug\paintballphysicsobject.obj
e:\groupproject\csc8508_project\csc8503\csc8503.dir\debug\paintballgameworld.obj
e:\groupproject\csc8508_project\csc8503\csc8503.dir\debug\paintballgameobject.obj
e:\groupproject\csc8508_project\csc8503\csc8503.dir\debug\paintballenemy.obj
e:\groupproject\csc8508_project\csc8503\csc8503.dir\debug\paintballbullet.obj
e:\groupproject\csc8508_project\csc8503\csc8503.dir\debug\paintballaudioobject.obj
e:\groupproject\csc8508_project\csc8503\csc8503.dir\debug\networkedgame.obj
e:\groupproject\csc8508_project\csc8503\csc8503.dir\debug\networkplayer.obj
e:\groupproject\csc8508_project\csc8503\csc8503.dir\debug\main.obj
e:\groupproject\csc8508_project\csc8503\csc8503.dir\debug\light.obj
e:\groupproject\csc8508_project\csc8503\csc8503.dir\debug\inputmanager.obj
e:\groupproject\csc8508_project\csc8503\csc8503.dir\debug\isaveable.obj
e:\groupproject\csc8508_project\csc8503\csc8503.dir\debug\gametechrenderer.obj
e:\groupproject\csc8508_project\csc8503\csc8503.dir\debug\gameobjectfreelist.obj
e:\groupproject\csc8508_project\csc8503\csc8503.dir\debug\gamemanager.obj
e:\groupproject\csc8508_project\csc8503\csc8503.dir\debug\eventmanager.obj
e:\groupproject\csc8508_project\csc8503\csc8503.dir\debug\console.obj
e:\groupproject\csc8508_project\csc8503\csc8503.dir\debug\charactercontroller.obj
e:\groupproject\csc8508_project\csc8503\csc8503.dir\debug\bulletcontactlistener.obj
e:\groupproject\csc8508_project\csc8503\csc8503.dir\debug\audiosystem.obj
e:\groupproject\csc8508_project\csc8503\csc8503.dir\debug\util.obj
e:\groupproject\csc8508_project\csc8503\csc8503.dir\debug\ui.obj
e:\groupproject\csc8508_project\csc8503\csc8503.dir\debug\tutorialgame.obj
e:\groupproject\csc8508_project\csc8503\csc8503.dir\debug\stategameobject.obj
e:\groupproject\csc8508_project\csc8503\csc8503.dir\debug\slsystem.obj
e:\groupproject\csc8508_project\csc8503\csc8503.dir\debug\resourcemanager.obj
e:\groupproject\csc8508_project\csc8503\csc8503.dir\debug\paintballtransform.obj
e:\groupproject\csc8508_project\csc8503\csc8503.dir\debug\paintballrenderobject.obj
e:\groupproject\csc8508_project\csc8503\csc8503.dir\debug\paintballplayer.obj
e:\groupproject\csc8508_project\csc8503\cmakefiles\generate.stamp
e:\groupproject\csc8508_project\x64\debug\csc8503.exe
e:\groupproject\csc8508_project\x64\debug\csc8503.pdb
e:\groupproject\csc8508_project\csc8503\csc8503.dir\debug\csc8503.ilk
c:\project\group\csc8508_project\csc8503\csc8503.dir\debug\audiosystem.obj
c:\project\group\csc8508_project\csc8503\csc8503.dir\debug\bulletcontactlistener.obj
c:\project\group\csc8508_project\csc8503\csc8503.dir\debug\charactercontroller.obj
c:\project\group\csc8508_project\csc8503\csc8503.dir\debug\cmake_pch.obj
c:\project\group\csc8508_project\csc8503\csc8503.dir\debug\console.obj
c:\project\group\csc8508_project\csc8503\csc8503.dir\debug\eventmanager.obj
c:\project\group\csc8508_project\csc8503\csc8503.dir\debug\gamemanager.obj
c:\project\group\csc8508_project\csc8503\csc8503.dir\debug\gameobjectfreelist.obj
c:\project\group\csc8508_project\csc8503\csc8503.dir\debug\gametechrenderer.obj
c:\project\group\csc8508_project\csc8503\csc8503.dir\debug\inputmanager.obj
c:\project\group\csc8508_project\csc8503\csc8503.dir\debug\isaveable.obj
c:\project\group\csc8508_project\csc8503\csc8503.dir\debug\light.obj
c:\project\group\csc8508_project\csc8503\csc8503.dir\debug\main.obj
c:\project\group\csc8508_project\csc8503\csc8503.dir\debug\networkedgame.obj
c:\project\group\csc8508_project\csc8503\csc8503.dir\debug\networkplayer.obj
c:\project\group\csc8508_project\csc8503\csc8503.dir\debug\paintballaudioobject.obj
c:\project\group\csc8508_project\csc8503\csc8503.dir\debug\paintballbullet.obj
c:\project\group\csc8508_project\csc8503\csc8503.dir\debug\paintballenemy.obj
c:\project\group\csc8508_project\csc8503\csc8503.dir\debug\paintballgameobject.obj
c:\project\group\csc8508_project\csc8503\csc8503.dir\debug\paintballgameworld.obj
c:\project\group\csc8508_project\csc8503\csc8503.dir\debug\paintballphysicsobject.obj
c:\project\group\csc8508_project\csc8503\csc8503.dir\debug\paintballplayer.obj
c:\project\group\csc8508_project\csc8503\csc8503.dir\debug\paintballrenderobject.obj
c:\project\group\csc8508_project\csc8503\csc8503.dir\debug\paintballtransform.obj
c:\project\group\csc8508_project\csc8503\csc8503.dir\debug\resourcemanager.obj
c:\project\group\csc8508_project\csc8503\csc8503.dir\debug\slsystem.obj
c:\project\group\csc8508_project\csc8503\csc8503.dir\debug\stategameobject.obj
c:\project\group\csc8508_project\csc8503\csc8503.dir\debug\tutorialgame.obj
c:\project\group\csc8508_project\csc8503\csc8503.dir\debug\ui.obj
c:\project\group\csc8508_project\csc8503\csc8503.dir\debug\util.obj
c:\project\group\csc8508_project\csc8503\csc8503.dir\debug\csc8503.ilk
c:\project\group\csc8508_project\csc8503\csc8503.dir\debug\cmake_pch.pch
c:\project\group\csc8508_project\csc8503\csc8503.dir\debug\vc143.pdb
c:\project\group\csc8508_project\x64\debug\csc8503.pdb
c:\project\group\csc8508_project\x64\debug\csc8503.exe
c:\project\group\csc8508_project\csc8503\csc8503.dir\debug\csc8503.tlog\cl.command.1.tlog
c:\project\group\csc8508_project\csc8503\csc8503.dir\debug\csc8503.tlog\cl.items.tlog
c:\project\group\csc8508_project\csc8503\csc8503.dir\debug\csc8503.tlog\cl.read.1.tlog
c:\project\group\csc8508_project\csc8503\csc8503.dir\debug\csc8503.tlog\cl.write.1.tlog
c:\project\group\csc8508_project\csc8503\csc8503.dir\debug\csc8503.tlog\custombuild.command.1.tlog
c:\project\group\csc8508_project\csc8503\csc8503.dir\debug\csc8503.tlog\custombuild.read.1.tlog
c:\project\group\csc8508_project\csc8503\csc8503.dir\debug\csc8503.tlog\custombuild.write.1.tlog
c:\project\group\csc8508_project\csc8503\csc8503.dir\debug\csc8503.tlog\link.command.1.tlog
c:\project\group\csc8508_project\csc8503\csc8503.dir\debug\csc8503.tlog\link.read.1.tlog
c:\project\group\csc8508_project\csc8503\csc8503.dir\debug\csc8503.tlog\link.secondary.1.tlog
c:\project\group\csc8508_project\csc8503\csc8503.dir\debug\csc8503.tlog\link.write.1.tlog
