c:\teamproject\newrep\csc8508_project\openglrendering\openglrendering.dir\debug\cmake_pch.pch
c:\teamproject\newrep\csc8508_project\openglrendering\debug\openglrendering.pdb
c:\teamproject\newrep\csc8508_project\openglrendering\openglrendering.dir\debug\cmake_pch.obj
c:\teamproject\newrep\csc8508_project\openglrendering\openglrendering.dir\debug\ogltexture.h.obj
c:\teamproject\newrep\csc8508_project\openglrendering\openglrendering.dir\debug\oglshader.h.obj
c:\teamproject\newrep\csc8508_project\openglrendering\openglrendering.dir\debug\oglrenderer.h.obj
c:\teamproject\newrep\csc8508_project\openglrendering\openglrendering.dir\debug\oglmesh.h.obj
c:\teamproject\newrep\csc8508_project\openglrendering\openglrendering.dir\debug\oglcomputeshader.h.obj
c:\teamproject\newrep\csc8508_project\openglrendering\openglrendering.dir\debug\ogltexture.cpp.obj
c:\teamproject\newrep\csc8508_project\openglrendering\openglrendering.dir\debug\oglshader.cpp.obj
c:\teamproject\newrep\csc8508_project\openglrendering\openglrendering.dir\debug\oglrenderer.cpp.obj
c:\teamproject\newrep\csc8508_project\openglrendering\openglrendering.dir\debug\oglmesh.cpp.obj
c:\teamproject\newrep\csc8508_project\openglrendering\openglrendering.dir\debug\oglcomputeshader.cpp.obj
c:\teamproject\newrep\csc8508_project\openglrendering\openglrendering.dir\debug\glad\gl.h.obj
c:\teamproject\newrep\csc8508_project\openglrendering\openglrendering.dir\debug\glad\gl.c.obj
<<<<<<< updated upstream
d:\d_project\cpp\danielsit0rus\csc8508_project\openglrendering\cmakefiles\generate.stamp
=======
c:\teamproject\newrep\csc8508_project\openglrendering\cmakefiles\generate.stamp
>>>>>>> stashed changes
c:\teamproject\newrep\csc8508_project\openglrendering\debug\openglrendering.lib
c:\teamproject\newrep\csc8508_project\openglrendering\openglrendering.dir\debug\openglrendering.tlog\cl.command.1.tlog
c:\teamproject\newrep\csc8508_project\openglrendering\openglrendering.dir\debug\openglrendering.tlog\cl.items.tlog
c:\teamproject\newrep\csc8508_project\openglrendering\openglrendering.dir\debug\openglrendering.tlog\cl.read.1.tlog
c:\teamproject\newrep\csc8508_project\openglrendering\openglrendering.dir\debug\openglrendering.tlog\cl.write.1.tlog
c:\teamproject\newrep\csc8508_project\openglrendering\openglrendering.dir\debug\openglrendering.tlog\custombuild.command.1.tlog
c:\teamproject\newrep\csc8508_project\openglrendering\openglrendering.dir\debug\openglrendering.tlog\custombuild.read.1.tlog
c:\teamproject\newrep\csc8508_project\openglrendering\openglrendering.dir\debug\openglrendering.tlog\custombuild.write.1.tlog
c:\teamproject\newrep\csc8508_project\openglrendering\openglrendering.dir\debug\openglrendering.tlog\lib-link.read.1.tlog
c:\teamproject\newrep\csc8508_project\openglrendering\openglrendering.dir\debug\openglrendering.tlog\lib-link.write.1.tlog
c:\teamproject\newrep\csc8508_project\openglrendering\openglrendering.dir\debug\openglrendering.tlog\lib.command.1.tlog
