  Building Custom Rule D:/vs code/team/CSC8508_project/CMakeLists.txt
  Body.cpp
  RigidBody.cpp
  Collider.cpp
  CollisionCallback.cpp
  ContactManifold.cpp
  ConvexMesh.cpp
  HalfEdgeStructure.cpp
  HeightField.cpp
  OverlapCallback.cpp
  PolygonVertexArray.cpp
  RaycastInfo.cpp
  TriangleMesh.cpp
  TriangleVertexArray.cpp
  VertexArray.cpp
  DynamicAABBTree.cpp
  CapsuleVsCapsuleAlgorithm.cpp
  CapsuleVsConvexPolyhedronAlgorithm.cpp
  CollisionDispatch.cpp
  ConvexPolyhedronVsConvexPolyhedronAlgorithm.cpp
  GJKAlgorithm.cpp
  正在生成代码...
D:\vs code\team\CSC8508_project\SDK\ReactPhysics3D\src\collision\TriangleVertexArray.cpp(163,1): warning C4715: “reactphysics3d::TriangleVertexArray::getVertex”: 不是所有的控件路径都返回值
  正在编译...
  VoronoiSimplex.cpp
  NarrowPhaseInfoBatch.cpp
  NarrowPhaseInput.cpp
  SATAlgorithm.cpp
  SphereVsCapsuleAlgorithm.cpp
  SphereVsConvexPolyhedronAlgorithm.cpp
  SphereVsSphereAlgorithm.cpp
  AABB.cpp
  BoxShape.cpp
  CapsuleShape.cpp
  CollisionShape.cpp
  ConcaveMeshShape.cpp
  ConcaveShape.cpp
  ConvexMeshShape.cpp
  ConvexPolyhedronShape.cpp
  ConvexShape.cpp
  HeightFieldShape.cpp
  SphereShape.cpp
  TriangleShape.cpp
  BallAndSocketJointComponents.cpp
  正在生成代码...
  正在编译...
  BodyComponents.cpp
  ColliderComponents.cpp
  Components.cpp
  FixedJointComponents.cpp
  HingeJointComponents.cpp
  JointComponents.cpp
  RigidBodyComponents.cpp
  SliderJointComponents.cpp
  TransformComponents.cpp
  BallAndSocketJoint.cpp
  ContactPoint.cpp
  FixedJoint.cpp
  HingeJoint.cpp
  Joint.cpp
  SliderJoint.cpp
  Entity.cpp
  EntityManager.cpp
  Island.cpp
  Material.cpp
  OverlappingPairs.cpp
  正在生成代码...
  正在编译...
  PhysicsCommon.cpp
  PhysicsWorld.cpp
  Matrix2x2.cpp
  Matrix3x3.cpp
  Quaternion.cpp
  Transform.cpp
  Vector2.cpp
  Vector3.cpp
  HeapAllocator.cpp
  MemoryAllocator.cpp
  MemoryManager.cpp
  PoolAllocator.cpp
  SingleFrameAllocator.cpp
  BroadPhaseSystem.cpp
  CollisionDetectionSystem.cpp
  ConstraintSolverSystem.cpp
  ContactSolverSystem.cpp
  DynamicsSystem.cpp
  SolveBallAndSocketJointSystem.cpp
  SolveFixedJointSystem.cpp
  正在生成代码...
  正在编译...
  SolveHingeJointSystem.cpp
  SolveSliderJointSystem.cpp
  DebugRenderer.cpp
  DefaultLogger.cpp
  Profiler.cpp
  QHHalfEdgeStructure.cpp
  QuickHull.cpp
  正在生成代码...
  ReactPhysics3D.vcxproj -> D:\vs code\team\CSC8508_project\Debug\ReactPhysics3D.lib
