e:\groupproject\csc8508_project\debug\reactphysics3d.pdb
e:\groupproject\csc8508_project\reactphysics3d.dir\debug\gjkalgorithm.obj
e:\groupproject\csc8508_project\reactphysics3d.dir\debug\convexpolyhedronvsconvexpolyhedronalgorithm.obj
e:\groupproject\csc8508_project\reactphysics3d.dir\debug\collisiondispatch.obj
e:\groupproject\csc8508_project\reactphysics3d.dir\debug\capsulevsconvexpolyhedronalgorithm.obj
e:\groupproject\csc8508_project\reactphysics3d.dir\debug\capsulevscapsulealgorithm.obj
e:\groupproject\csc8508_project\reactphysics3d.dir\debug\dynamicaabbtree.obj
e:\groupproject\csc8508_project\reactphysics3d.dir\debug\vertexarray.obj
e:\groupproject\csc8508_project\reactphysics3d.dir\debug\trianglevertexarray.obj
e:\groupproject\csc8508_project\reactphysics3d.dir\debug\trianglemesh.obj
e:\groupproject\csc8508_project\reactphysics3d.dir\debug\raycastinfo.obj
e:\groupproject\csc8508_project\reactphysics3d.dir\debug\polygonvertexarray.obj
e:\groupproject\csc8508_project\reactphysics3d.dir\debug\overlapcallback.obj
e:\groupproject\csc8508_project\reactphysics3d.dir\debug\heightfield.obj
e:\groupproject\csc8508_project\reactphysics3d.dir\debug\halfedgestructure.obj
e:\groupproject\csc8508_project\reactphysics3d.dir\debug\convexmesh.obj
e:\groupproject\csc8508_project\reactphysics3d.dir\debug\contactmanifold.obj
e:\groupproject\csc8508_project\reactphysics3d.dir\debug\collisioncallback.obj
e:\groupproject\csc8508_project\reactphysics3d.dir\debug\collider.obj
e:\groupproject\csc8508_project\reactphysics3d.dir\debug\rigidbody.obj
e:\groupproject\csc8508_project\reactphysics3d.dir\debug\body.obj
e:\groupproject\csc8508_project\reactphysics3d.dir\debug\ballandsocketjointcomponents.obj
e:\groupproject\csc8508_project\reactphysics3d.dir\debug\triangleshape.obj
e:\groupproject\csc8508_project\reactphysics3d.dir\debug\sphereshape.obj
e:\groupproject\csc8508_project\reactphysics3d.dir\debug\heightfieldshape.obj
e:\groupproject\csc8508_project\reactphysics3d.dir\debug\convexshape.obj
e:\groupproject\csc8508_project\reactphysics3d.dir\debug\convexpolyhedronshape.obj
e:\groupproject\csc8508_project\reactphysics3d.dir\debug\convexmeshshape.obj
e:\groupproject\csc8508_project\reactphysics3d.dir\debug\concaveshape.obj
e:\groupproject\csc8508_project\reactphysics3d.dir\debug\concavemeshshape.obj
e:\groupproject\csc8508_project\reactphysics3d.dir\debug\collisionshape.obj
e:\groupproject\csc8508_project\reactphysics3d.dir\debug\capsuleshape.obj
e:\groupproject\csc8508_project\reactphysics3d.dir\debug\boxshape.obj
e:\groupproject\csc8508_project\reactphysics3d.dir\debug\aabb.obj
e:\groupproject\csc8508_project\reactphysics3d.dir\debug\spherevsspherealgorithm.obj
e:\groupproject\csc8508_project\reactphysics3d.dir\debug\spherevsconvexpolyhedronalgorithm.obj
e:\groupproject\csc8508_project\reactphysics3d.dir\debug\spherevscapsulealgorithm.obj
e:\groupproject\csc8508_project\reactphysics3d.dir\debug\satalgorithm.obj
e:\groupproject\csc8508_project\reactphysics3d.dir\debug\narrowphaseinput.obj
e:\groupproject\csc8508_project\reactphysics3d.dir\debug\narrowphaseinfobatch.obj
e:\groupproject\csc8508_project\reactphysics3d.dir\debug\voronoisimplex.obj
e:\groupproject\csc8508_project\reactphysics3d.dir\debug\overlappingpairs.obj
e:\groupproject\csc8508_project\reactphysics3d.dir\debug\material.obj
e:\groupproject\csc8508_project\reactphysics3d.dir\debug\island.obj
e:\groupproject\csc8508_project\reactphysics3d.dir\debug\entitymanager.obj
e:\groupproject\csc8508_project\reactphysics3d.dir\debug\entity.obj
e:\groupproject\csc8508_project\reactphysics3d.dir\debug\sliderjoint.obj
e:\groupproject\csc8508_project\reactphysics3d.dir\debug\joint.obj
e:\groupproject\csc8508_project\reactphysics3d.dir\debug\hingejoint.obj
e:\groupproject\csc8508_project\reactphysics3d.dir\debug\fixedjoint.obj
e:\groupproject\csc8508_project\reactphysics3d.dir\debug\contactpoint.obj
e:\groupproject\csc8508_project\reactphysics3d.dir\debug\ballandsocketjoint.obj
e:\groupproject\csc8508_project\reactphysics3d.dir\debug\transformcomponents.obj
e:\groupproject\csc8508_project\reactphysics3d.dir\debug\sliderjointcomponents.obj
e:\groupproject\csc8508_project\reactphysics3d.dir\debug\rigidbodycomponents.obj
e:\groupproject\csc8508_project\reactphysics3d.dir\debug\jointcomponents.obj
e:\groupproject\csc8508_project\reactphysics3d.dir\debug\hingejointcomponents.obj
e:\groupproject\csc8508_project\reactphysics3d.dir\debug\fixedjointcomponents.obj
e:\groupproject\csc8508_project\reactphysics3d.dir\debug\components.obj
e:\groupproject\csc8508_project\reactphysics3d.dir\debug\collidercomponents.obj
e:\groupproject\csc8508_project\reactphysics3d.dir\debug\bodycomponents.obj
e:\groupproject\csc8508_project\reactphysics3d.dir\debug\solvefixedjointsystem.obj
e:\groupproject\csc8508_project\reactphysics3d.dir\debug\solveballandsocketjointsystem.obj
e:\groupproject\csc8508_project\reactphysics3d.dir\debug\dynamicssystem.obj
e:\groupproject\csc8508_project\reactphysics3d.dir\debug\contactsolversystem.obj
e:\groupproject\csc8508_project\reactphysics3d.dir\debug\constraintsolversystem.obj
e:\groupproject\csc8508_project\reactphysics3d.dir\debug\collisiondetectionsystem.obj
e:\groupproject\csc8508_project\reactphysics3d.dir\debug\broadphasesystem.obj
e:\groupproject\csc8508_project\reactphysics3d.dir\debug\singleframeallocator.obj
e:\groupproject\csc8508_project\reactphysics3d.dir\debug\poolallocator.obj
e:\groupproject\csc8508_project\reactphysics3d.dir\debug\memorymanager.obj
e:\groupproject\csc8508_project\reactphysics3d.dir\debug\memoryallocator.obj
e:\groupproject\csc8508_project\reactphysics3d.dir\debug\heapallocator.obj
e:\groupproject\csc8508_project\reactphysics3d.dir\debug\vector3.obj
e:\groupproject\csc8508_project\reactphysics3d.dir\debug\vector2.obj
e:\groupproject\csc8508_project\reactphysics3d.dir\debug\transform.obj
e:\groupproject\csc8508_project\reactphysics3d.dir\debug\quaternion.obj
e:\groupproject\csc8508_project\reactphysics3d.dir\debug\matrix3x3.obj
e:\groupproject\csc8508_project\reactphysics3d.dir\debug\matrix2x2.obj
e:\groupproject\csc8508_project\reactphysics3d.dir\debug\physicsworld.obj
e:\groupproject\csc8508_project\reactphysics3d.dir\debug\physicscommon.obj
e:\groupproject\csc8508_project\reactphysics3d.dir\debug\quickhull.obj
e:\groupproject\csc8508_project\reactphysics3d.dir\debug\qhhalfedgestructure.obj
e:\groupproject\csc8508_project\reactphysics3d.dir\debug\profiler.obj
e:\groupproject\csc8508_project\reactphysics3d.dir\debug\defaultlogger.obj
e:\groupproject\csc8508_project\reactphysics3d.dir\debug\debugrenderer.obj
e:\groupproject\csc8508_project\reactphysics3d.dir\debug\solvesliderjointsystem.obj
e:\groupproject\csc8508_project\reactphysics3d.dir\debug\solvehingejointsystem.obj
e:\groupproject\csc8508_project\cmakefiles\generate.stamp
e:\groupproject\csc8508_project\debug\reactphysics3d.lib
d:\tang\downloads\github\csc8508_project\reactphysics3d.dir\debug\aabb.obj
d:\tang\downloads\github\csc8508_project\reactphysics3d.dir\debug\ballandsocketjoint.obj
d:\tang\downloads\github\csc8508_project\reactphysics3d.dir\debug\ballandsocketjointcomponents.obj
d:\tang\downloads\github\csc8508_project\reactphysics3d.dir\debug\body.obj
d:\tang\downloads\github\csc8508_project\reactphysics3d.dir\debug\bodycomponents.obj
d:\tang\downloads\github\csc8508_project\reactphysics3d.dir\debug\boxshape.obj
d:\tang\downloads\github\csc8508_project\reactphysics3d.dir\debug\broadphasesystem.obj
d:\tang\downloads\github\csc8508_project\reactphysics3d.dir\debug\capsuleshape.obj
d:\tang\downloads\github\csc8508_project\reactphysics3d.dir\debug\capsulevscapsulealgorithm.obj
d:\tang\downloads\github\csc8508_project\reactphysics3d.dir\debug\capsulevsconvexpolyhedronalgorithm.obj
d:\tang\downloads\github\csc8508_project\reactphysics3d.dir\debug\collider.obj
d:\tang\downloads\github\csc8508_project\reactphysics3d.dir\debug\collidercomponents.obj
d:\tang\downloads\github\csc8508_project\reactphysics3d.dir\debug\collisioncallback.obj
d:\tang\downloads\github\csc8508_project\reactphysics3d.dir\debug\collisiondetectionsystem.obj
d:\tang\downloads\github\csc8508_project\reactphysics3d.dir\debug\collisiondispatch.obj
d:\tang\downloads\github\csc8508_project\reactphysics3d.dir\debug\collisionshape.obj
d:\tang\downloads\github\csc8508_project\reactphysics3d.dir\debug\components.obj
d:\tang\downloads\github\csc8508_project\reactphysics3d.dir\debug\concavemeshshape.obj
d:\tang\downloads\github\csc8508_project\reactphysics3d.dir\debug\concaveshape.obj
d:\tang\downloads\github\csc8508_project\reactphysics3d.dir\debug\constraintsolversystem.obj
d:\tang\downloads\github\csc8508_project\reactphysics3d.dir\debug\contactmanifold.obj
d:\tang\downloads\github\csc8508_project\reactphysics3d.dir\debug\contactpoint.obj
d:\tang\downloads\github\csc8508_project\reactphysics3d.dir\debug\contactsolversystem.obj
d:\tang\downloads\github\csc8508_project\reactphysics3d.dir\debug\convexmesh.obj
d:\tang\downloads\github\csc8508_project\reactphysics3d.dir\debug\convexmeshshape.obj
d:\tang\downloads\github\csc8508_project\reactphysics3d.dir\debug\convexpolyhedronshape.obj
d:\tang\downloads\github\csc8508_project\reactphysics3d.dir\debug\convexpolyhedronvsconvexpolyhedronalgorithm.obj
d:\tang\downloads\github\csc8508_project\reactphysics3d.dir\debug\convexshape.obj
d:\tang\downloads\github\csc8508_project\reactphysics3d.dir\debug\debugrenderer.obj
d:\tang\downloads\github\csc8508_project\reactphysics3d.dir\debug\defaultlogger.obj
d:\tang\downloads\github\csc8508_project\reactphysics3d.dir\debug\dynamicaabbtree.obj
d:\tang\downloads\github\csc8508_project\reactphysics3d.dir\debug\dynamicssystem.obj
d:\tang\downloads\github\csc8508_project\reactphysics3d.dir\debug\entity.obj
d:\tang\downloads\github\csc8508_project\reactphysics3d.dir\debug\entitymanager.obj
d:\tang\downloads\github\csc8508_project\reactphysics3d.dir\debug\fixedjoint.obj
d:\tang\downloads\github\csc8508_project\reactphysics3d.dir\debug\fixedjointcomponents.obj
d:\tang\downloads\github\csc8508_project\reactphysics3d.dir\debug\gjkalgorithm.obj
d:\tang\downloads\github\csc8508_project\reactphysics3d.dir\debug\halfedgestructure.obj
d:\tang\downloads\github\csc8508_project\reactphysics3d.dir\debug\heapallocator.obj
d:\tang\downloads\github\csc8508_project\reactphysics3d.dir\debug\heightfield.obj
d:\tang\downloads\github\csc8508_project\reactphysics3d.dir\debug\heightfieldshape.obj
d:\tang\downloads\github\csc8508_project\reactphysics3d.dir\debug\hingejoint.obj
d:\tang\downloads\github\csc8508_project\reactphysics3d.dir\debug\hingejointcomponents.obj
d:\tang\downloads\github\csc8508_project\reactphysics3d.dir\debug\island.obj
d:\tang\downloads\github\csc8508_project\reactphysics3d.dir\debug\joint.obj
d:\tang\downloads\github\csc8508_project\reactphysics3d.dir\debug\jointcomponents.obj
d:\tang\downloads\github\csc8508_project\reactphysics3d.dir\debug\material.obj
d:\tang\downloads\github\csc8508_project\reactphysics3d.dir\debug\matrix2x2.obj
d:\tang\downloads\github\csc8508_project\reactphysics3d.dir\debug\matrix3x3.obj
d:\tang\downloads\github\csc8508_project\reactphysics3d.dir\debug\memoryallocator.obj
d:\tang\downloads\github\csc8508_project\reactphysics3d.dir\debug\memorymanager.obj
d:\tang\downloads\github\csc8508_project\reactphysics3d.dir\debug\narrowphaseinfobatch.obj
d:\tang\downloads\github\csc8508_project\reactphysics3d.dir\debug\narrowphaseinput.obj
d:\tang\downloads\github\csc8508_project\reactphysics3d.dir\debug\overlapcallback.obj
d:\tang\downloads\github\csc8508_project\reactphysics3d.dir\debug\overlappingpairs.obj
d:\tang\downloads\github\csc8508_project\reactphysics3d.dir\debug\physicscommon.obj
d:\tang\downloads\github\csc8508_project\reactphysics3d.dir\debug\physicsworld.obj
d:\tang\downloads\github\csc8508_project\reactphysics3d.dir\debug\polygonvertexarray.obj
d:\tang\downloads\github\csc8508_project\reactphysics3d.dir\debug\poolallocator.obj
d:\tang\downloads\github\csc8508_project\reactphysics3d.dir\debug\profiler.obj
d:\tang\downloads\github\csc8508_project\reactphysics3d.dir\debug\qhhalfedgestructure.obj
d:\tang\downloads\github\csc8508_project\reactphysics3d.dir\debug\quaternion.obj
d:\tang\downloads\github\csc8508_project\reactphysics3d.dir\debug\quickhull.obj
d:\tang\downloads\github\csc8508_project\reactphysics3d.dir\debug\raycastinfo.obj
d:\tang\downloads\github\csc8508_project\reactphysics3d.dir\debug\rigidbody.obj
d:\tang\downloads\github\csc8508_project\reactphysics3d.dir\debug\rigidbodycomponents.obj
d:\tang\downloads\github\csc8508_project\reactphysics3d.dir\debug\satalgorithm.obj
d:\tang\downloads\github\csc8508_project\reactphysics3d.dir\debug\singleframeallocator.obj
d:\tang\downloads\github\csc8508_project\reactphysics3d.dir\debug\sliderjoint.obj
d:\tang\downloads\github\csc8508_project\reactphysics3d.dir\debug\sliderjointcomponents.obj
d:\tang\downloads\github\csc8508_project\reactphysics3d.dir\debug\solveballandsocketjointsystem.obj
d:\tang\downloads\github\csc8508_project\reactphysics3d.dir\debug\solvefixedjointsystem.obj
d:\tang\downloads\github\csc8508_project\reactphysics3d.dir\debug\solvehingejointsystem.obj
d:\tang\downloads\github\csc8508_project\reactphysics3d.dir\debug\solvesliderjointsystem.obj
d:\tang\downloads\github\csc8508_project\reactphysics3d.dir\debug\sphereshape.obj
d:\tang\downloads\github\csc8508_project\reactphysics3d.dir\debug\spherevscapsulealgorithm.obj
d:\tang\downloads\github\csc8508_project\reactphysics3d.dir\debug\spherevsconvexpolyhedronalgorithm.obj
d:\tang\downloads\github\csc8508_project\reactphysics3d.dir\debug\spherevsspherealgorithm.obj
d:\tang\downloads\github\csc8508_project\reactphysics3d.dir\debug\transform.obj
d:\tang\downloads\github\csc8508_project\reactphysics3d.dir\debug\transformcomponents.obj
d:\tang\downloads\github\csc8508_project\reactphysics3d.dir\debug\trianglemesh.obj
d:\tang\downloads\github\csc8508_project\reactphysics3d.dir\debug\triangleshape.obj
d:\tang\downloads\github\csc8508_project\reactphysics3d.dir\debug\trianglevertexarray.obj
d:\tang\downloads\github\csc8508_project\reactphysics3d.dir\debug\vector2.obj
d:\tang\downloads\github\csc8508_project\reactphysics3d.dir\debug\vector3.obj
d:\tang\downloads\github\csc8508_project\reactphysics3d.dir\debug\vertexarray.obj
d:\tang\downloads\github\csc8508_project\reactphysics3d.dir\debug\voronoisimplex.obj
d:\tang\downloads\github\csc8508_project\debug\reactphysics3d.pdb
d:\tang\downloads\github\csc8508_project\debug\reactphysics3d.lib
d:\tang\downloads\github\csc8508_project\reactphysics3d.dir\debug\reactphysics3d.tlog\cl.command.1.tlog
d:\tang\downloads\github\csc8508_project\reactphysics3d.dir\debug\reactphysics3d.tlog\cl.items.tlog
d:\tang\downloads\github\csc8508_project\reactphysics3d.dir\debug\reactphysics3d.tlog\cl.read.1.tlog
d:\tang\downloads\github\csc8508_project\reactphysics3d.dir\debug\reactphysics3d.tlog\cl.write.1.tlog
d:\tang\downloads\github\csc8508_project\reactphysics3d.dir\debug\reactphysics3d.tlog\custombuild.command.1.tlog
d:\tang\downloads\github\csc8508_project\reactphysics3d.dir\debug\reactphysics3d.tlog\custombuild.read.1.tlog
d:\tang\downloads\github\csc8508_project\reactphysics3d.dir\debug\reactphysics3d.tlog\custombuild.write.1.tlog
d:\tang\downloads\github\csc8508_project\reactphysics3d.dir\debug\reactphysics3d.tlog\lib-link.read.1.tlog
d:\tang\downloads\github\csc8508_project\reactphysics3d.dir\debug\reactphysics3d.tlog\lib-link.write.1.tlog
d:\tang\downloads\github\csc8508_project\reactphysics3d.dir\debug\reactphysics3d.tlog\lib.command.1.tlog
